2015-04-14 16:44:09.736 Hello World[2626:71240] DiskCookieStorage changing policy from 2 to 0, cookie file: file:///Users/vanya/Library/Developer/CoreSimulator/Devices/5A4F71DA-3E6F-4646-A895-84534A50DE95/data/Containers/Data/Application/F02565A6-F1DE-463C-9078-FCEA9A9A0053/Library/Cookies/Cookies.binarycookies
2015-04-14 16:44:10.032 Hello World[2626:71240] Apache Cordova native platform version 3.7.0 is starting.
2015-04-14 16:44:10.032 Hello World[2626:71240] Multi-tasking -> Device: YES, App: YES
2015-04-14 16:44:10.054 Hello World[2626:71240] Unlimited access to network resources
2015-04-14 16:44:10.064 Hello World[2626:71240] 

Started backup to iCloud! Please be careful.
Your application might be rejected by Apple if you store too much data.
For more information please read "iOS Data Storage Guidelines" at:
https://developer.apple.com/icloud/documentation/data-storage/
To disable web storage backup to iCloud, set the BackupWebStorage preference to "local" in the Cordova config.xml file

2015-04-14 16:44:10.801 Hello World[2626:71240] Resetting plugins due to page load.
2015-04-14 16:44:11.790 Hello World[2626:71240] Finished load of: file:///Users/vanya/Library/Developer/CoreSimulator/Devices/5A4F71DA-3E6F-4646-A895-84534A50DE95/data/Containers/Bundle/Application/D93D2043-39A4-44DC-A0E7-5982F2E1EDB3/Hello%20World.app/www/index.html
2015-04-14 16:53:34.314 Hello World[2626:82191] Communications error: <OS_xpc_error: <error: 0x2db25f4> { count = 1, contents =
	"XPCErrorDescription" => <string: 0x2db283c> { length = 22, contents = "Connection interrupted" }
}>
2015-04-14 16:53:34.316 Hello World[2626:82390] Terminating since there is no system app.
2015-04-14 19:01:52.273 Kontador[4271:308473] DiskCookieStorage changing policy from 2 to 0, cookie file: file:///Users/vanya/Library/Developer/CoreSimulator/Devices/5A4F71DA-3E6F-4646-A895-84534A50DE95/data/Containers/Data/Application/8AFB3CAD-5235-4057-9ACB-1A22F7E0483D/Library/Cookies/Cookies.binarycookies
2015-04-14 19:01:52.527 Kontador[4271:308473] Apache Cordova native platform version 3.7.0 is starting.
2015-04-14 19:01:52.527 Kontador[4271:308473] Multi-tasking -> Device: YES, App: YES
2015-04-14 19:01:52.548 Kontador[4271:308473] Unlimited access to network resources
2015-04-14 19:01:52.558 Kontador[4271:308473] 

Started backup to iCloud! Please be careful.
Your application might be rejected by Apple if you store too much data.
For more information please read "iOS Data Storage Guidelines" at:
https://developer.apple.com/icloud/documentation/data-storage/
To disable web storage backup to iCloud, set the BackupWebStorage preference to "local" in the Cordova config.xml file

2015-04-14 19:01:53.300 Kontador[4271:308473] Resetting plugins due to page load.
2015-04-14 19:01:53.997 Kontador[4271:308473] Finished load of: file:///Users/vanya/Library/Developer/CoreSimulator/Devices/5A4F71DA-3E6F-4646-A895-84534A50DE95/data/Containers/Bundle/Application/F7C07079-12D7-4F6D-9687-C6D93CE4F7CE/Kontador.app/www/index.html
